2025-12-04 06:52:06,790 - INFO - 🤖 VWAP Bot Started
2025-12-04 06:52:09,232 - ERROR - Telegram failed: {"ok":false,"error_code":404,"description":"Not Found"}
2025-12-04 06:53:00,422 - INFO - Loop complete. Sleeping...
2025-12-04 06:53:56,659 - INFO - Loop complete. Sleeping...
2025-12-04 06:54:25,752 - INFO - 🤖 VWAP Bot Started
2025-12-04 06:54:26,528 - ERROR - Telegram failed: {"ok":false,"error_code":404,"description":"Not Found"}
2025-12-04 06:54:52,930 - INFO - Loop complete. Sleeping...
2025-12-04 06:55:13,750 - INFO - Loop complete. Sleeping...
2025-12-04 06:55:49,970 - INFO - Loop complete. Sleeping...
2025-12-04 06:56:10,959 - INFO - Loop complete. Sleeping...
2025-12-04 06:56:47,048 - INFO - Loop complete. Sleeping...
2025-12-04 06:57:07,703 - INFO - Loop complete. Sleeping...
2025-12-04 06:57:43,526 - INFO - Loop complete. Sleeping...
2025-12-04 06:58:04,398 - INFO - Loop complete. Sleeping...
2025-12-04 06:58:41,334 - INFO - Loop complete. Sleeping...
2025-12-04 06:59:00,825 - INFO - Loop complete. Sleeping...
2025-12-04 06:59:39,160 - INFO - Loop complete. Sleeping...
2025-12-04 06:59:58,509 - INFO - Loop complete. Sleeping...
2025-12-04 07:00:37,191 - INFO - Loop complete. Sleeping...
2025-12-04 07:00:55,950 - INFO - Loop complete. Sleeping...
2025-12-04 07:01:34,586 - INFO - Loop complete. Sleeping...
2025-12-04 07:01:51,036 - INFO - Loop complete. Sleeping...
2025-12-04 07:02:33,689 - INFO - Loop complete. Sleeping...
2025-12-04 07:02:48,823 - INFO - Loop complete. Sleeping...
2025-12-04 07:03:33,350 - INFO - Loop complete. Sleeping...
2025-12-04 07:03:44,713 - INFO - Loop complete. Sleeping...
2025-12-04 07:04:29,945 - INFO - Loop complete. Sleeping...
2025-12-04 07:04:40,881 - INFO - Loop complete. Sleeping...
2025-12-04 07:05:27,334 - INFO - Loop complete. Sleeping...
2025-12-04 07:05:36,640 - INFO - Loop complete. Sleeping...
2025-12-04 07:06:25,760 - INFO - Loop complete. Sleeping...
2025-12-04 07:06:34,772 - INFO - Loop complete. Sleeping...
2025-12-04 07:06:44,036 - INFO - 🤖 VWAP Bot Started
2025-12-04 07:06:44,036 - INFO - TG Token loaded: ${TEL...OKEN}
2025-12-04 07:06:44,037 - INFO - TG Chat ID loaded: ${TELEGRAM_CHAT_ID}
2025-12-04 07:06:44,946 - ERROR - Telegram failed: {"ok":false,"error_code":404,"description":"Not Found"}
2025-12-04 07:07:27,754 - INFO - Loop complete. Sleeping...
2025-12-04 07:07:33,928 - INFO - Loop complete. Sleeping...
2025-12-04 07:07:34,431 - INFO - Loop complete. Sleeping...
2025-12-04 07:08:27,669 - INFO - Loop complete. Sleeping...
2025-12-04 07:08:31,035 - INFO - Loop complete. Sleeping...
2025-12-04 07:08:31,767 - INFO - Loop complete. Sleeping...
2025-12-04 07:09:27,506 - INFO - Loop complete. Sleeping...
2025-12-04 07:09:29,422 - INFO - Loop complete. Sleeping...
2025-12-04 07:09:31,842 - INFO - Loop complete. Sleeping...
